[ERROR 2021-03-15 17:57:57]响应正文不包含期望值, 期望值 是  Success1
[ERROR 2021-03-17 11:18:48]响应正文不包含期望值, 期望值 是  11
[ERROR 2021-03-17 14:54:18]响应正文不包含期望值, 期望值 是  1.0
[ERROR 2021-03-18 10:47:07]响应正文不包含期望值, 期望值 是  1.0
[ERROR 2021-03-18 10:47:27]响应正文不包含期望值, 期望值 是  1.0
[ERROR 2021-03-18 11:05:28]响应状态码错误, 预期状态码 is 200, 实际状态码 is 400 
[ERROR 2021-03-18 11:14:59]响应正文不包含期望值, 期望值 是  1.0
[ERROR 2021-03-18 11:14:59]响应正文不包含期望值, 期望值 是  1.0
[ERROR 2021-03-18 11:34:56]响应正文不包含期望值, 期望值 是  不需用户认证的测试连接失败！
[ERROR 2021-03-18 14:21:28]响应正文不包含期望值, 期望值 是  Success
[ERROR 2021-03-18 14:46:57]响应正文不包含期望值, 期望值 是  Success
[ERROR 2021-03-30 15:23:22]响应正文不包含期望值, 期望值 是  Success
[ERROR 2021-03-30 15:33:50]响应正文不包含期望值, 期望值 是  Success
[ERROR 2021-03-30 15:35:01]响应正文不包含期望值, 期望值 是  Success
[ERROR 2021-03-30 16:30:20]响应正文不包含期望值, 期望值 是  Success
[ERROR 2021-03-30 16:30:29]响应正文不包含期望值, 期望值 是  Success
[ERROR 2021-03-30 16:35:42]响应正文不包含期望值, 期望值 是  Success
[ERROR 2021-03-30 16:42:20]响应状态码错误, 预期状态码 is 200, 实际状态码 is 100 
[ERROR 2021-03-30 16:53:53]响应状态码错误, 预期状态码 is 200, 实际状态码 is 400 
[ERROR 2021-03-30 16:56:37]响应状态码错误, 预期状态码 is 200, 实际状态码 is 400 
[ERROR 2021-03-30 17:09:50]响应正文不包含期望值, 期望值 是  Success
[ERROR 2021-03-30 17:35:25]响应正文不包含期望值, 期望值 是  用户认证的测试连接失败,请检查账号、密码、数据库！
[ERROR 2021-03-30 17:35:55]响应正文不包含期望值, 期望值 是  不存在库名！
[ERROR 2021-03-30 17:35:55]响应正文不包含期望值, 期望值 是  不存在表名！
[ERROR 2021-03-30 17:36:27]响应正文不包含期望值, 期望值 是  不存在库名！
[ERROR 2021-03-30 17:36:27]响应正文不包含期望值, 期望值 是  不存在表名！
[ERROR 2021-03-30 17:44:28]响应正文不包含期望值, 期望值 是  不存在库名！
[ERROR 2021-03-30 17:44:29]响应正文不包含期望值, 期望值 是  不存在表名！
[ERROR 2021-03-30 17:45:00]响应正文不包含期望值, 期望值 是  不存在库名！
[ERROR 2021-03-30 17:45:00]响应正文不包含期望值, 期望值 是  不存在表名！
[ERROR 2021-04-20 16:44:26]响应正文不包含期望值, 期望值 是  Success
[ERROR 2021-04-20 16:44:26]响应正文不包含期望值, 期望值 是  Success
[ERROR 2021-04-20 16:44:58]响应正文不包含期望值, 期望值 是  Success
[ERROR 2021-04-20 16:45:01]响应正文不包含期望值, 期望值 是  采集程序列表不能为空
[ERROR 2021-04-20 17:21:00]响应正文不包含期望值, 期望值 是  Success
[ERROR 2021-04-20 17:21:03]响应状态码错误, 预期状态码 is 200, 实际状态码 is 400 
[ERROR 2021-04-20 17:53:28]响应正文不包含期望值, 期望值是  采集程序列表不能为空
[ERROR 2021-05-11 17:21:57]响应正文不包含期望值, 期望值是  Success
[ERROR 2021-05-11 17:23:13]响应正文不包含期望值, 期望值是  Success
[ERROR 2021-05-11 17:24:59]响应正文不包含期望值, 期望值是  Success
[ERROR 2021-05-11 17:25:50]响应正文不包含期望值, 期望值是  Success
[ERROR 2021-05-11 17:27:27]响应正文不包含期望值, 期望值是  Success
